<?xml version="1.0" encoding="UTF-8"?>
<!-- Generated by org.testng.reporters.JUnitXMLReporter -->
<testsuite hostname="DESKTOP-OUBE3OH" failures="0" tests="3" name="Test" time="183.723" errors="0" timestamp="10 Jan 2024 11:21:29 GMT">
  <testcase classname="org.testing.TestScripts.Final_TC1" name="Trending_Click" time="3.504"/>
  <testcase classname="org.testing.TestScripts.Final_TC2" name="Click_History" time="2.352"/>
  <testcase classname="org.testing.TestScripts.Final_TC3" name="Click_Subscription" time="2.24"/>
</testsuite> <!-- Test -->
