<?xml version="1.0" encoding="UTF-8"?>
<!-- Generated by org.testng.reporters.JUnitXMLReporter -->
<testsuite hostname="DESKTOP-OUBE3OH" failures="0" tests="3" name="Command line test b3befd5d-4f41-41f6-aa02-6b0c3f28b8d4" time="175.446" errors="0" timestamp="10 Jan 2024 11:25:22 GMT">
  <testcase classname="org.testing.TestScripts.Final_TC1" name="Trending_Click" time="3.508"/>
  <testcase classname="org.testing.TestScripts.Final_TC2" name="Click_History" time="2.291"/>
  <testcase classname="org.testing.TestScripts.Final_TC3" name="Click_Subscription" time="2.263"/>
</testsuite> <!-- Command line test b3befd5d-4f41-41f6-aa02-6b0c3f28b8d4 -->
