<?xml version="1.0" encoding="UTF-8"?>
<!-- Generated by org.testng.reporters.JUnitXMLReporter -->
<testsuite hostname="DESKTOP-OUBE3OH" failures="0" tests="8" name="Command line test e4de9861-537f-4ccc-bed6-f61a3b06b027" time="64.644" errors="0" timestamp="23 Dec 2023 18:17:11 GMT">
  <testcase classname="org.testing.TestScripts.Final_TC1" name="@AfterMethod TestCase_TC1_Logout" time="0.0">
    <failure type="java.lang.NullPointerException" message="Cannot invoke &amp;quot;String.equals(Object)&amp;quot; because &amp;quot;actual&amp;quot; is null">
      <![CDATA[java.lang.NullPointerException: Cannot invoke "String.equals(Object)" because "actual" is null
	at org.testing.assertion.Assertt.assertion1(Assertt.java:11)
	at org.testing.TestScripts.Final_TC1.TestCase_TC1_Logout(Final_TC1.java:62)
	at org.testing.trigger.Runner.main(Runner.java:53)
... Removed 21 stack frames]]>
    </failure>
  </testcase> <!-- @AfterMethod TestCase_TC1_Logout -->
  <testcase classname="org.testing.TestScripts.Final_TC1" name="@AfterClass browser_close" time="0.0">
    <skipped/>
  </testcase> <!-- @AfterClass browser_close -->
  <testcase classname="org.testing.TestScripts.Final_TC2" name="@BeforeClass browser_launch" time="0.0">
    <skipped/>
  </testcase> <!-- @BeforeClass browser_launch -->
  <testcase classname="org.testing.TestScripts.Final_TC2" name="@BeforeMethod TestCase_TC1_Login" time="0.0">
    <skipped/>
  </testcase> <!-- @BeforeMethod TestCase_TC1_Login -->
  <testcase classname="org.testing.TestScripts.Final_TC2" name="@AfterMethod TestCase_TC1_Logout" time="0.0">
    <skipped/>
  </testcase> <!-- @AfterMethod TestCase_TC1_Logout -->
  <testcase classname="org.testing.TestScripts.Final_TC2" name="@AfterClass browser_close" time="0.0">
    <skipped/>
  </testcase> <!-- @AfterClass browser_close -->
  <testcase classname="org.testing.TestScripts.Final_TC3" name="@BeforeClass browser_launch" time="0.0">
    <skipped/>
  </testcase> <!-- @BeforeClass browser_launch -->
  <testcase classname="org.testing.TestScripts.Final_TC3" name="@BeforeMethod TestCase_TC1_Login" time="0.0">
    <skipped/>
  </testcase> <!-- @BeforeMethod TestCase_TC1_Login -->
  <testcase classname="org.testing.TestScripts.Final_TC3" name="@AfterMethod TestCase_TC1_Logout" time="0.0">
    <skipped/>
  </testcase> <!-- @AfterMethod TestCase_TC1_Logout -->
  <testcase classname="org.testing.TestScripts.Final_TC3" name="@AfterClass browser_close" time="0.0">
    <skipped/>
  </testcase> <!-- @AfterClass browser_close -->
  <testcase classname="org.testing.TestScripts.Final_TC4" name="@BeforeClass browser_launch" time="0.0">
    <skipped/>
  </testcase> <!-- @BeforeClass browser_launch -->
  <testcase classname="org.testing.TestScripts.Final_TC4" name="@BeforeMethod TestCase_TC1_Login" time="0.0">
    <skipped/>
  </testcase> <!-- @BeforeMethod TestCase_TC1_Login -->
  <testcase classname="org.testing.TestScripts.Final_TC4" name="@AfterMethod TestCase_TC1_Logout" time="0.0">
    <skipped/>
  </testcase> <!-- @AfterMethod TestCase_TC1_Logout -->
  <testcase classname="org.testing.TestScripts.Final_TC4" name="@AfterClass browser_close" time="0.0">
    <skipped/>
  </testcase> <!-- @AfterClass browser_close -->
  <testcase classname="org.testing.TestScripts.Final_TC5" name="@BeforeClass browser_launch" time="0.0">
    <skipped/>
  </testcase> <!-- @BeforeClass browser_launch -->
  <testcase classname="org.testing.TestScripts.Final_TC5" name="@BeforeMethod TestCase_TC1_Login" time="0.0">
    <skipped/>
  </testcase> <!-- @BeforeMethod TestCase_TC1_Login -->
  <testcase classname="org.testing.TestScripts.Final_TC5" name="@AfterMethod TestCase_TC1_Logout" time="0.0">
    <skipped/>
  </testcase> <!-- @AfterMethod TestCase_TC1_Logout -->
  <testcase classname="org.testing.TestScripts.Final_TC5" name="@AfterClass browser_close" time="0.0">
    <skipped/>
  </testcase> <!-- @AfterClass browser_close -->
  <testcase classname="org.testing.TestScripts.Final_TC6" name="@BeforeClass browser_launch" time="0.0">
    <skipped/>
  </testcase> <!-- @BeforeClass browser_launch -->
  <testcase classname="org.testing.TestScripts.Final_TC6" name="@BeforeMethod TestCase_TC1_Login" time="0.0">
    <skipped/>
  </testcase> <!-- @BeforeMethod TestCase_TC1_Login -->
  <testcase classname="org.testing.TestScripts.Final_TC6" name="@AfterMethod TestCase_TC1_Logout" time="0.0">
    <skipped/>
  </testcase> <!-- @AfterMethod TestCase_TC1_Logout -->
  <testcase classname="org.testing.TestScripts.Final_TC6" name="@AfterClass browser_close" time="0.0">
    <skipped/>
  </testcase> <!-- @AfterClass browser_close -->
  <testcase classname="org.testing.TestScripts.Final_TC7" name="@BeforeClass browser_launch" time="0.0">
    <skipped/>
  </testcase> <!-- @BeforeClass browser_launch -->
  <testcase classname="org.testing.TestScripts.Final_TC7" name="@BeforeMethod TestCase_TC1_Login" time="0.0">
    <skipped/>
  </testcase> <!-- @BeforeMethod TestCase_TC1_Login -->
  <testcase classname="org.testing.TestScripts.Final_TC7" name="@AfterMethod TestCase_TC1_Logout" time="0.0">
    <skipped/>
  </testcase> <!-- @AfterMethod TestCase_TC1_Logout -->
  <testcase classname="org.testing.TestScripts.Final_TC7" name="@AfterClass browser_close" time="0.0">
    <skipped/>
  </testcase> <!-- @AfterClass browser_close -->
  <testcase classname="org.testing.TestScripts.Final_TC8" name="@BeforeClass browser_launch" time="0.0">
    <skipped/>
  </testcase> <!-- @BeforeClass browser_launch -->
  <testcase classname="org.testing.TestScripts.Final_TC8" name="@BeforeMethod TestCase_TC1_Login" time="0.0">
    <skipped/>
  </testcase> <!-- @BeforeMethod TestCase_TC1_Login -->
  <testcase classname="org.testing.TestScripts.Final_TC8" name="@AfterMethod TestCase_TC1_Logout" time="0.0">
    <skipped/>
  </testcase> <!-- @AfterMethod TestCase_TC1_Logout -->
  <testcase classname="org.testing.TestScripts.Final_TC8" name="@AfterClass browser_close" time="0.0">
    <skipped/>
  </testcase> <!-- @AfterClass browser_close -->
  <testcase classname="org.testing.TestScripts.Final_TC1" name="Trending_Click" time="3.479"/>
  <testcase classname="org.testing.TestScripts.Final_TC2" name="Click_History" time="0.0">
    <skipped/>
  </testcase> <!-- Click_History -->
  <testcase classname="org.testing.TestScripts.Final_TC3" name="Click_Subscription" time="0.0">
    <skipped/>
  </testcase> <!-- Click_Subscription -->
  <testcase classname="org.testing.TestScripts.Final_TC4" name="videoplay_and_Like" time="0.0">
    <skipped/>
  </testcase> <!-- videoplay_and_Like -->
  <testcase classname="org.testing.TestScripts.Final_TC5" name="VideoPlay_and_Channel_Subscribe" time="0.0">
    <skipped/>
  </testcase> <!-- VideoPlay_and_Channel_Subscribe -->
  <testcase classname="org.testing.TestScripts.Final_TC6" name="video_play_and_Comment" time="0.0">
    <skipped/>
  </testcase> <!-- video_play_and_Comment -->
  <testcase classname="org.testing.TestScripts.Final_TC7" name="Click_Watch_Later" time="0.0">
    <skipped/>
  </testcase> <!-- Click_Watch_Later -->
  <testcase classname="org.testing.TestScripts.Final_TC8" name="Click_Learning" time="0.0">
    <skipped/>
  </testcase> <!-- Click_Learning -->
</testsuite> <!-- Command line test e4de9861-537f-4ccc-bed6-f61a3b06b027 -->
